<?xml version="1.0" encoding="UTF-8"?>
<coverage generated="1658669434103" clover="3.2.0">
  <project timestamp="1658669434103" name="All files">
    <metrics statements="48" coveredstatements="48" conditionals="8" coveredconditionals="8" methods="10" coveredmethods="10" elements="66" coveredelements="66" complexity="0" loc="48" ncloc="48" packages="2" files="7" classes="7"/>
    <package name="__fixtures__">
      <metrics statements="9" coveredstatements="9" conditionals="0" coveredconditionals="0" methods="2" coveredmethods="2"/>
      <file name="test-functions.js" path="C:\Users\Владелец\Desktop\frontentd\frontend-project-lvl2\__fixtures__\test-functions.js">
        <metrics statements="5" coveredstatements="5" conditionals="0" coveredconditionals="0" methods="2" coveredmethods="2"/>
        <line num="1" count="4" type="stmt"/>
        <line num="2" count="4" type="stmt"/>
        <line num="4" count="12" type="stmt"/>
        <line num="5" count="7" type="stmt"/>
        <line num="7" count="4" type="stmt"/>
      </file>
      <file name="test-objects.js" path="C:\Users\Владелец\Desktop\frontentd\frontend-project-lvl2\__fixtures__\test-objects.js">
        <metrics statements="4" coveredstatements="4" conditionals="0" coveredconditionals="0" methods="0" coveredmethods="0"/>
        <line num="1" count="3" type="stmt"/>
        <line num="3" count="3" type="stmt"/>
        <line num="4" count="3" type="stmt"/>
        <line num="6" count="3" type="stmt"/>
      </file>
    </package>
    <package name="modules">
      <metrics statements="39" coveredstatements="39" conditionals="8" coveredconditionals="8" methods="8" coveredmethods="8"/>
      <file name="compareByKey.js" path="C:\Users\Владелец\Desktop\frontentd\frontend-project-lvl2\modules\compareByKey.js">
        <metrics statements="11" coveredstatements="11" conditionals="6" coveredconditionals="6" methods="1" coveredmethods="1"/>
        <line num="1" count="2" type="stmt"/>
        <line num="2" count="2" type="stmt"/>
        <line num="5" count="9" type="stmt"/>
        <line num="7" count="9" type="cond" truecount="2" falsecount="0"/>
        <line num="8" count="2" type="stmt"/>
        <line num="10" count="7" type="cond" truecount="2" falsecount="0"/>
        <line num="11" count="5" type="stmt"/>
        <line num="13" count="7" type="cond" truecount="2" falsecount="0"/>
        <line num="14" count="4" type="stmt"/>
        <line num="17" count="9" type="stmt"/>
        <line num="20" count="2" type="stmt"/>
      </file>
      <file name="getAnswer.js" path="C:\Users\Владелец\Desktop\frontentd\frontend-project-lvl2\modules\getAnswer.js">
        <metrics statements="4" coveredstatements="4" conditionals="0" coveredconditionals="0" methods="1" coveredmethods="1"/>
        <line num="1" count="3" type="stmt"/>
        <line num="4" count="14" type="stmt"/>
        <line num="10" count="14" type="stmt"/>
        <line num="13" count="3" type="stmt"/>
      </file>
      <file name="getData.js" path="C:\Users\Владелец\Desktop\frontentd\frontend-project-lvl2\modules\getData.js">
        <metrics statements="7" coveredstatements="7" conditionals="0" coveredconditionals="0" methods="1" coveredmethods="1"/>
        <line num="1" count="2" type="stmt"/>
        <line num="2" count="2" type="stmt"/>
        <line num="3" count="2" type="stmt"/>
        <line num="6" count="5" type="stmt"/>
        <line num="8" count="5" type="stmt"/>
        <line num="10" count="5" type="stmt"/>
        <line num="13" count="2" type="stmt"/>
      </file>
      <file name="getDiff.js" path="C:\Users\Владелец\Desktop\frontentd\frontend-project-lvl2\modules\getDiff.js">
        <metrics statements="9" coveredstatements="9" conditionals="0" coveredconditionals="0" methods="2" coveredmethods="2"/>
        <line num="1" count="1" type="stmt"/>
        <line num="2" count="1" type="stmt"/>
        <line num="3" count="1" type="stmt"/>
        <line num="4" count="1" type="stmt"/>
        <line num="7" count="1" type="stmt"/>
        <line num="8" count="1" type="stmt"/>
        <line num="10" count="5" type="stmt"/>
        <line num="12" count="1" type="stmt"/>
        <line num="15" count="1" type="stmt"/>
      </file>
      <file name="getKeys.js" path="C:\Users\Владелец\Desktop\frontentd\frontend-project-lvl2\modules\getKeys.js">
        <metrics statements="8" coveredstatements="8" conditionals="2" coveredconditionals="2" methods="3" coveredmethods="3"/>
        <line num="1" count="2" type="stmt"/>
        <line num="5" count="2" type="stmt"/>
        <line num="6" count="4" type="stmt"/>
        <line num="8" count="4" type="stmt"/>
        <line num="11" count="2" type="stmt"/>
        <line num="13" count="16" type="cond" truecount="2" falsecount="0"/>
        <line num="15" count="2" type="stmt"/>
        <line num="18" count="2" type="stmt"/>
      </file>
    </package>
  </project>
</coverage>
