{"C:\\Users\\Владелец\\Desktop\\frontentd\\frontend-project-lvl2\\__fixtures__\\test-functions.js": {"path":"C:\\Users\\Владелец\\Desktop\\frontentd\\frontend-project-lvl2\\__fixtures__\\test-functions.js","statementMap":{"0":{"start":{"line":1,"column":11},"end":{"line":1,"column":24}},"1":{"start":{"line":2,"column":13},"end":{"line":2,"column":28}},"2":{"start":{"line":4,"column":23},"end":{"line":4,"column":89}},"3":{"start":{"line":4,"column":37},"end":{"line":4,"column":89}},"4":{"start":{"line":5,"column":17},"end":{"line":5,"column":81}},"5":{"start":{"line":5,"column":31},"end":{"line":5,"column":81}},"6":{"start":{"line":7,"column":0},"end":{"line":10,"column":2}}},"fnMap":{"0":{"name":"(anonymous_0)","decl":{"start":{"line":4,"column":23},"end":{"line":4,"column":24}},"loc":{"start":{"line":4,"column":37},"end":{"line":4,"column":89}},"line":4},"1":{"name":"(anonymous_1)","decl":{"start":{"line":5,"column":17},"end":{"line":5,"column":18}},"loc":{"start":{"line":5,"column":31},"end":{"line":5,"column":81}},"line":5}},"branchMap":{},"s":{"0":4,"1":4,"2":4,"3":12,"4":4,"5":7,"6":4},"f":{"0":12,"1":7},"b":{},"_coverageSchema":"1a1c01bbd47fc00a2c39e90264f33305004495a9","hash":"364bb7f0be245700c886b4782617b4a257a11b79"}
,"C:\\Users\\Владелец\\Desktop\\frontentd\\frontend-project-lvl2\\__fixtures__\\test-objects.js": {"path":"C:\\Users\\Владелец\\Desktop\\frontentd\\frontend-project-lvl2\\__fixtures__\\test-objects.js","statementMap":{"0":{"start":{"line":1,"column":21},"end":{"line":1,"column":48}},"1":{"start":{"line":3,"column":13},"end":{"line":3,"column":47}},"2":{"start":{"line":4,"column":13},"end":{"line":4,"column":47}},"3":{"start":{"line":6,"column":0},"end":{"line":9,"column":2}}},"fnMap":{},"branchMap":{},"s":{"0":3,"1":3,"2":3,"3":3},"f":{},"b":{},"_coverageSchema":"1a1c01bbd47fc00a2c39e90264f33305004495a9","hash":"d18d597929a0bbd0bb27073bce1085d028e9216d"}
,"C:\\Users\\Владелец\\Desktop\\frontentd\\frontend-project-lvl2\\modules\\compareByKey.js": {"path":"C:\\Users\\Владелец\\Desktop\\frontentd\\frontend-project-lvl2\\modules\\compareByKey.js","statementMap":{"0":{"start":{"line":1,"column":16},"end":{"line":1,"column":33}},"1":{"start":{"line":2,"column":18},"end":{"line":2,"column":40}},"2":{"start":{"line":5,"column":15},"end":{"line":5,"column":17}},"3":{"start":{"line":7,"column":2},"end":{"line":16,"column":3}},"4":{"start":{"line":8,"column":4},"end":{"line":8,"column":47}},"5":{"start":{"line":10,"column":4},"end":{"line":12,"column":5}},"6":{"start":{"line":11,"column":6},"end":{"line":11,"column":51}},"7":{"start":{"line":13,"column":4},"end":{"line":15,"column":5}},"8":{"start":{"line":14,"column":6},"end":{"line":14,"column":51}},"9":{"start":{"line":17,"column":2},"end":{"line":17,"column":16}},"10":{"start":{"line":20,"column":0},"end":{"line":20,"column":30}}},"fnMap":{"0":{"name":"compareByKey","decl":{"start":{"line":4,"column":9},"end":{"line":4,"column":21}},"loc":{"start":{"line":4,"column":39},"end":{"line":18,"column":1}},"line":4}},"branchMap":{"0":{"loc":{"start":{"line":7,"column":2},"end":{"line":16,"column":3}},"type":"if","locations":[{"start":{"line":7,"column":2},"end":{"line":16,"column":3}},{"start":{"line":9,"column":9},"end":{"line":16,"column":3}}],"line":7},"1":{"loc":{"start":{"line":10,"column":4},"end":{"line":12,"column":5}},"type":"if","locations":[{"start":{"line":10,"column":4},"end":{"line":12,"column":5}},{"start":{},"end":{}}],"line":10},"2":{"loc":{"start":{"line":13,"column":4},"end":{"line":15,"column":5}},"type":"if","locations":[{"start":{"line":13,"column":4},"end":{"line":15,"column":5}},{"start":{},"end":{}}],"line":13}},"s":{"0":2,"1":2,"2":9,"3":9,"4":2,"5":7,"6":5,"7":7,"8":4,"9":9,"10":2},"f":{"0":9},"b":{"0":[2,7],"1":[5,2],"2":[4,3]},"_coverageSchema":"1a1c01bbd47fc00a2c39e90264f33305004495a9","hash":"9f6b051ad458588fc752ad38eda82ef4deb609a6"}
,"C:\\Users\\Владелец\\Desktop\\frontentd\\frontend-project-lvl2\\modules\\getAnswer.js": {"path":"C:\\Users\\Владелец\\Desktop\\frontentd\\frontend-project-lvl2\\modules\\getAnswer.js","statementMap":{"0":{"start":{"line":1,"column":16},"end":{"line":1,"column":34}},"1":{"start":{"line":4,"column":19},"end":{"line":8,"column":3}},"2":{"start":{"line":10,"column":2},"end":{"line":10,"column":48}},"3":{"start":{"line":13,"column":0},"end":{"line":13,"column":27}}},"fnMap":{"0":{"name":"getAnswer","decl":{"start":{"line":3,"column":9},"end":{"line":3,"column":18}},"loc":{"start":{"line":3,"column":39},"end":{"line":11,"column":1}},"line":3}},"branchMap":{},"s":{"0":3,"1":14,"2":14,"3":3},"f":{"0":14},"b":{},"_coverageSchema":"1a1c01bbd47fc00a2c39e90264f33305004495a9","hash":"cfddd8434ba3159bab478c03e9706f02105548d5"}
,"C:\\Users\\Владелец\\Desktop\\frontentd\\frontend-project-lvl2\\modules\\getData.js": {"path":"C:\\Users\\Владелец\\Desktop\\frontentd\\frontend-project-lvl2\\modules\\getData.js","statementMap":{"0":{"start":{"line":1,"column":16},"end":{"line":1,"column":34}},"1":{"start":{"line":2,"column":11},"end":{"line":2,"column":24}},"2":{"start":{"line":3,"column":20},"end":{"line":3,"column":35}},"3":{"start":{"line":6,"column":21},"end":{"line":6,"column":71}},"4":{"start":{"line":8,"column":18},"end":{"line":8,"column":40}},"5":{"start":{"line":10,"column":2},"end":{"line":10,"column":17}},"6":{"start":{"line":13,"column":0},"end":{"line":13,"column":25}}},"fnMap":{"0":{"name":"getData","decl":{"start":{"line":5,"column":9},"end":{"line":5,"column":16}},"loc":{"start":{"line":5,"column":27},"end":{"line":11,"column":1}},"line":5}},"branchMap":{},"s":{"0":2,"1":2,"2":2,"3":5,"4":5,"5":5,"6":2},"f":{"0":5},"b":{},"_coverageSchema":"1a1c01bbd47fc00a2c39e90264f33305004495a9","hash":"b3aa5584a53ca2919a5c940d4241742c2d3754a1"}
,"C:\\Users\\Владелец\\Desktop\\frontentd\\frontend-project-lvl2\\modules\\getDiff.js": {"path":"C:\\Users\\Владелец\\Desktop\\frontentd\\frontend-project-lvl2\\modules\\getDiff.js","statementMap":{"0":{"start":{"line":1,"column":16},"end":{"line":1,"column":34}},"1":{"start":{"line":2,"column":16},"end":{"line":2,"column":36}},"2":{"start":{"line":3,"column":16},"end":{"line":3,"column":36}},"3":{"start":{"line":4,"column":21},"end":{"line":4,"column":46}},"4":{"start":{"line":7,"column":23},"end":{"line":7,"column":63}},"5":{"start":{"line":8,"column":15},"end":{"line":8,"column":34}},"6":{"start":{"line":10,"column":15},"end":{"line":10,"column":72}},"7":{"start":{"line":10,"column":33},"end":{"line":10,"column":62}},"8":{"start":{"line":12,"column":2},"end":{"line":12,"column":27}},"9":{"start":{"line":15,"column":0},"end":{"line":15,"column":25}}},"fnMap":{"0":{"name":"getDiff","decl":{"start":{"line":6,"column":9},"end":{"line":6,"column":16}},"loc":{"start":{"line":6,"column":39},"end":{"line":13,"column":1}},"line":6},"1":{"name":"(anonymous_1)","decl":{"start":{"line":10,"column":24},"end":{"line":10,"column":25}},"loc":{"start":{"line":10,"column":33},"end":{"line":10,"column":62}},"line":10}},"branchMap":{},"s":{"0":1,"1":1,"2":1,"3":1,"4":1,"5":1,"6":1,"7":5,"8":1,"9":1},"f":{"0":1,"1":5},"b":{},"_coverageSchema":"1a1c01bbd47fc00a2c39e90264f33305004495a9","hash":"bccbcc305c3aad981c8dab5b241c85c4419f2346"}
,"C:\\Users\\Владелец\\Desktop\\frontentd\\frontend-project-lvl2\\modules\\getKeys.js": {"path":"C:\\Users\\Владелец\\Desktop\\frontentd\\frontend-project-lvl2\\modules\\getKeys.js","statementMap":{"0":{"start":{"line":1,"column":17},"end":{"line":1,"column":34}},"1":{"start":{"line":5,"column":18},"end":{"line":9,"column":8}},"2":{"start":{"line":6,"column":4},"end":{"line":6,"column":27}},"3":{"start":{"line":8,"column":4},"end":{"line":8,"column":15}},"4":{"start":{"line":11,"column":18},"end":{"line":11,"column":46}},"5":{"start":{"line":13,"column":21},"end":{"line":13,"column":89}},"6":{"start":{"line":13,"column":45},"end":{"line":13,"column":87}},"7":{"start":{"line":15,"column":2},"end":{"line":15,"column":20}},"8":{"start":{"line":18,"column":0},"end":{"line":18,"column":25}}},"fnMap":{"0":{"name":"getKeys","decl":{"start":{"line":3,"column":9},"end":{"line":3,"column":16}},"loc":{"start":{"line":3,"column":29},"end":{"line":16,"column":1}},"line":3},"1":{"name":"(anonymous_1)","decl":{"start":{"line":5,"column":33},"end":{"line":5,"column":34}},"loc":{"start":{"line":5,"column":47},"end":{"line":9,"column":3}},"line":5},"2":{"name":"(anonymous_2)","decl":{"start":{"line":13,"column":34},"end":{"line":13,"column":35}},"loc":{"start":{"line":13,"column":45},"end":{"line":13,"column":87}},"line":13}},"branchMap":{"0":{"loc":{"start":{"line":13,"column":45},"end":{"line":13,"column":87}},"type":"cond-expr","locations":[{"start":{"line":13,"column":81},"end":{"line":13,"column":82}},{"start":{"line":13,"column":85},"end":{"line":13,"column":87}}],"line":13}},"s":{"0":2,"1":2,"2":4,"3":4,"4":2,"5":2,"6":16,"7":2,"8":2},"f":{"0":2,"1":4,"2":16},"b":{"0":[8,8]},"_coverageSchema":"1a1c01bbd47fc00a2c39e90264f33305004495a9","hash":"74495b78568ed4901b274871990f44942b3c513b"}
}
