TN:
SF:__fixtures__\test-functions.js
FN:4,(anonymous_0)
FN:5,(anonymous_1)
FNF:2
FNH:2
FNDA:12,(anonymous_0)
FNDA:7,(anonymous_1)
DA:1,4
DA:2,4
DA:4,12
DA:5,7
DA:7,4
LF:5
LH:5
BRF:0
BRH:0
end_of_record
TN:
SF:__fixtures__\test-objects.js
FNF:0
FNH:0
DA:1,3
DA:3,3
DA:4,3
DA:6,3
LF:4
LH:4
BRF:0
BRH:0
end_of_record
TN:
SF:modules\compareByKey.js
FN:4,compareByKey
FNF:1
FNH:1
FNDA:9,compareByKey
DA:1,2
DA:2,2
DA:5,9
DA:7,9
DA:8,2
DA:10,7
DA:11,5
DA:13,7
DA:14,4
DA:17,9
DA:20,2
LF:11
LH:11
BRDA:7,0,0,2
BRDA:7,0,1,7
BRDA:10,1,0,5
BRDA:10,1,1,2
BRDA:13,2,0,4
BRDA:13,2,1,3
BRF:6
BRH:6
end_of_record
TN:
SF:modules\getAnswer.js
FN:3,getAnswer
FNF:1
FNH:1
FNDA:14,getAnswer
DA:1,3
DA:4,14
DA:10,14
DA:13,3
LF:4
LH:4
BRF:0
BRH:0
end_of_record
TN:
SF:modules\getData.js
FN:5,getData
FNF:1
FNH:1
FNDA:5,getData
DA:1,2
DA:2,2
DA:3,2
DA:6,5
DA:8,5
DA:10,5
DA:13,2
LF:7
LH:7
BRF:0
BRH:0
end_of_record
TN:
SF:modules\getDiff.js
FN:6,getDiff
FN:10,(anonymous_1)
FNF:2
FNH:2
FNDA:1,getDiff
FNDA:5,(anonymous_1)
DA:1,1
DA:2,1
DA:3,1
DA:4,1
DA:7,1
DA:8,1
DA:10,5
DA:12,1
DA:15,1
LF:9
LH:9
BRF:0
BRH:0
end_of_record
TN:
SF:modules\getKeys.js
FN:3,getKeys
FN:5,(anonymous_1)
FN:13,(anonymous_2)
FNF:3
FNH:3
FNDA:2,getKeys
FNDA:4,(anonymous_1)
FNDA:16,(anonymous_2)
DA:1,2
DA:5,2
DA:6,4
DA:8,4
DA:11,2
DA:13,16
DA:15,2
DA:18,2
LF:8
LH:8
BRDA:13,0,0,8
BRDA:13,0,1,8
BRF:2
BRH:2
end_of_record
